Build started 4/17/2017 6:49:47 PM.
     1>Project "C:\Users\Random\Desktop\ASCII_Roguelike\ASCII_Roguelike\ASCII_Roguelike.vcxproj" on node 2 (Build target(s)).
     1>ClCompile:
         C:\Program Files (x86)\Microsoft Visual Studio 12.0\VC\bin\CL.exe /c /Zi /nologo /W3 /WX- /O2 /Oi /Oy- /GL /D WIN32 /D NDEBUG /D _CONSOLE /D _LIB /D _UNICODE /D UNICODE /Gm- /EHsc /MD /GS /Gy /fp:precise /Zc:wchar_t /Zc:forScope /Fo"Release\\" /Fd"Release\vc120.pdb" /Gd /TP /analyze- /errorReport:prompt main.cpp
         main.cpp
     1>c:\users\random\desktop\ascii_roguelike\ascii_roguelike\Game.h(41): warning C4996: 'getch': The POSIX name for this item is deprecated. Instead, use the ISO C++ conformant name: _getch. See online help for details.
                 C:\Program Files (x86)\Microsoft Visual Studio 12.0\VC\include\conio.h(131) : see declaration of 'getch'
     1>c:\users\random\desktop\ascii_roguelike\ascii_roguelike\Game.h(55): warning C4018: '<' : signed/unsigned mismatch
     1>c:\users\random\desktop\ascii_roguelike\ascii_roguelike\Game.h(61): warning C4018: '<' : signed/unsigned mismatch
       Link:
         C:\Program Files (x86)\Microsoft Visual Studio 12.0\VC\bin\link.exe /ERRORREPORT:PROMPT /OUT:"C:\Users\Random\Desktop\ASCII_Roguelike\Release\ASCII_Roguelike.exe" /INCREMENTAL:NO /NOLOGO kernel32.lib user32.lib gdi32.lib winspool.lib comdlg32.lib advapi32.lib shell32.lib ole32.lib oleaut32.lib uuid.lib odbc32.lib odbccp32.lib /MANIFEST /MANIFESTUAC:"level='asInvoker' uiAccess='false'" /manifest:embed /DEBUG /PDB:"C:\Users\Random\Desktop\ASCII_Roguelike\Release\ASCII_Roguelike.pdb" /SUBSYSTEM:CONSOLE /OPT:REF /OPT:ICF /LTCG /TLBID:1 /DYNAMICBASE /NXCOMPAT /IMPLIB:"C:\Users\Random\Desktop\ASCII_Roguelike\Release\ASCII_Roguelike.lib" /MACHINE:X86 /SAFESEH Release\Door.obj
         Release\Enemy.obj
         Release\GenericActor.obj
         Release\main.obj
         Release\Map.obj
         Release\Player.obj
         Generating code
     1>c:\users\random\desktop\ascii_roguelike\ascii_roguelike\genericactor.cpp(88): warning C4715: 'GenericActor::processMove' : not all control paths return a value
         Finished generating code
         ASCII_Roguelike.vcxproj -> C:\Users\Random\Desktop\ASCII_Roguelike\Release\ASCII_Roguelike.exe
     1>Done Building Project "C:\Users\Random\Desktop\ASCII_Roguelike\ASCII_Roguelike\ASCII_Roguelike.vcxproj" (Build target(s)).

Build succeeded.

Time Elapsed 00:00:01.27
